

*******************************************************************************
Sun Aug 28 14:10:32 2016


FIT:    data read from "g_time/sq2_N1024_R04_T001_S032" u 1:2
        format = x:z
        #datapoints = 101
        residuals are weighted equally (unit weight)

function used for fitting: f(x)
	f(x) = exp(-a*x)
fitted parameters initialized with current variable values

iter      chisq       delta/lim  lambda   a            
   0 5.9431740969e-01   0.00e+00  9.94e-02    1.000000e+00
   9 3.2140727953e-01  -2.03e-01  9.94e-11    2.340173e+00

After 9 iterations the fit converged.
final sum of squares of residuals : 0.321407
rel. change during last iteration : -2.0308e-06

degrees of freedom    (FIT_NDF)                        : 100
rms of residuals      (FIT_STDFIT) = sqrt(WSSR/ndf)    : 0.0566928
variance of residuals (reduced chisquare) = WSSR/ndf   : 0.00321407

Final set of parameters            Asymptotic Standard Error
=======================            ==========================
a               = 2.34017          +/- 0.2038       (8.71%)
